# JRE version: OpenJDK Runtime Environment Microsoft-8035246 (17.0.8+7) (build 17.0.8+7-LTS)
# Java VM: OpenJDK 64-Bit Server VM Microsoft-8035246 (17.0.8+7-LTS, mixed mode, sharing, tiered, compressed oops, compressed class ptrs, g1 gc, windows-amd64)
GC Precious Log:
 CPUs: 4 total, 4 available
 Memory: 7991M
 Large Page Support: Disabled
 NUMA Support: Disabled
 Compressed Oops: Enabled (32-bit)
 Heap Region Size: 1M
 Heap Min Capacity: 8M
 Heap Initial Capacity: 126M
 Heap Max Capacity: 2G
 Pre-touch: Disabled
 Parallel Workers: 4
 Concurrent Workers: 1
 Concurrent Refinement Workers: 4
 Periodic GC: Disabled
Heap:
 garbage-first heap   total 265216K, used 213408K [0x0000000080000000, 0x0000000100000000)
  region size 1024K, 38 young (38912K), 3 survivors (3072K)
 Metaspace       used 99555K, committed 100672K, reserved 557056K
  class space    used 13869K, committed 14400K, reserved 425984K
GC Heap History (20 events):
Event: 57.429 GC heap before
{Heap before GC invocations=55 (full 0):
 garbage-first heap   total 152576K, used 130025K [0x0000000080000000, 0x0000000100000000)
  region size 1024K, 15 young (15360K), 3 survivors (3072K)
 Metaspace       used 89273K, committed 90176K, reserved 557056K
  class space    used 12560K, committed 12992K, reserved 425984K
}
Event: 57.435 GC heap after
{Heap after GC invocations=56 (full 0):
 garbage-first heap   total 152576K, used 119708K [0x0000000080000000, 0x0000000100000000)
  region size 1024K, 2 young (2048K), 2 survivors (2048K)
 Metaspace       used 89273K, committed 90176K, reserved 557056K
  class space    used 12560K, committed 12992K, reserved 425984K
}
Event: 57.736 GC heap before
{Heap before GC invocations=57 (full 0):
 garbage-first heap   total 209920K, used 128924K [0x0000000080000000, 0x0000000100000000)
  region size 1024K, 12 young (12288K), 2 survivors (2048K)
 Metaspace       used 89412K, committed 90368K, reserved 557056K
  class space    used 12560K, committed 12992K, reserved 425984K
}
Event: 57.740 GC heap after
{Heap after GC invocations=58 (full 0):
 garbage-first heap   total 209920K, used 120865K [0x0000000080000000, 0x0000000100000000)
  region size 1024K, 2 young (2048K), 2 survivors (2048K)
 Metaspace       used 89412K, committed 90368K, reserved 557056K
  class space    used 12560K, committed 12992K, reserved 425984K
}
Event: 57.864 GC heap before
{Heap before GC invocations=58 (full 0):
 garbage-first heap   total 209920K, used 130081K [0x0000000080000000, 0x0000000100000000)
  region size 1024K, 10 young (10240K), 2 survivors (2048K)
 Metaspace       used 89465K, committed 90432K, reserved 557056K
  class space    used 12566K, committed 12992K, reserved 425984K
}
Event: 57.869 GC heap after
{Heap after GC invocations=59 (full 0):
 garbage-first heap   total 265216K, used 124630K [0x0000000080000000, 0x0000000100000000)
  region size 1024K, 2 young (2048K), 2 survivors (2048K)
 Metaspace       used 89465K, committed 90432K, reserved 557056K
  class space    used 12566K, committed 12992K, reserved 425984K
}
Event: 59.397 GC heap before
{Heap before GC invocations=59 (full 0):
 garbage-first heap   total 265216K, used 203478K [0x0000000080000000, 0x0000000100000000)
  region size 1024K, 76 young (77824K), 2 survivors (2048K)
 Metaspace       used 90321K, committed 91392K, reserved 557056K
  class space    used 12673K, committed 13184K, reserved 425984K
}
Event: 59.419 GC heap after
{Heap after GC invocations=60 (full 0):
 garbage-first heap   total 265216K, used 146751K [0x0000000080000000, 0x0000000100000000)
  region size 1024K, 10 young (10240K), 10 survivors (10240K)
 Metaspace       used 90321K, committed 91392K, reserved 557056K
  class space    used 12673K, committed 13184K, reserved 425984K
}
Event: 60.422 GC heap before
{Heap before GC invocations=60 (full 0):
 garbage-first heap   total 265216K, used 204095K [0x0000000080000000, 0x0000000100000000)
  region size 1024K, 66 young (67584K), 10 survivors (10240K)
 Metaspace       used 93976K, committed 94976K, reserved 557056K
  class space    used 13223K, committed 13696K, reserved 425984K
}
Event: 60.429 GC heap after
{Heap after GC invocations=61 (full 0):
 garbage-first heap   total 265216K, used 150893K [0x0000000080000000, 0x0000000100000000)
  region size 1024K, 4 young (4096K), 4 survivors (4096K)
 Metaspace       used 93976K, committed 94976K, reserved 557056K
  class space    used 13223K, committed 13696K, reserved 425984K
}
Event: 61.684 GC heap before
{Heap before GC invocations=61 (full 0):
 garbage-first heap   total 265216K, used 209261K [0x0000000080000000, 0x0000000100000000)
  region size 1024K, 61 young (62464K), 4 survivors (4096K)
 Metaspace       used 97033K, committed 98176K, reserved 557056K
  class space    used 13597K, committed 14144K, reserved 425984K
}
Event: 61.696 GC heap after
{Heap after GC invocations=62 (full 0):
 garbage-first heap   total 265216K, used 156961K [0x0000000080000000, 0x0000000100000000)
  region size 1024K, 8 young (8192K), 8 survivors (8192K)
 Metaspace       used 97033K, committed 98176K, reserved 557056K
  class space    used 13597K, committed 14144K, reserved 425984K
}
Event: 62.305 GC heap before
{Heap before GC invocations=62 (full 0):
 garbage-first heap   total 265216K, used 212257K [0x0000000080000000, 0x0000000100000000)
  region size 1024K, 62 young (63488K), 8 survivors (8192K)
 Metaspace       used 97923K, committed 99072K, reserved 557056K
  class space    used 13691K, committed 14208K, reserved 425984K
}
Event: 62.320 GC heap after
{Heap after GC invocations=63 (full 0):
 garbage-first heap   total 265216K, used 162926K [0x0000000080000000, 0x0000000100000000)
  region size 1024K, 6 young (6144K), 6 survivors (6144K)
 Metaspace       used 97923K, committed 99072K, reserved 557056K
  class space    used 13691K, committed 14208K, reserved 425984K
}
Event: 62.936 GC heap before
{Heap before GC invocations=63 (full 0):
 garbage-first heap   total 265216K, used 215150K [0x0000000080000000, 0x0000000100000000)
  region size 1024K, 57 young (58368K), 6 survivors (6144K)
 Metaspace       used 98937K, committed 100096K, reserved 557056K
  class space    used 13817K, committed 14336K, reserved 425984K
}
Event: 62.952 GC heap after
{Heap after GC invocations=64 (full 0):
 garbage-first heap   total 265216K, used 168869K [0x0000000080000000, 0x0000000100000000)
  region size 1024K, 6 young (6144K), 6 survivors (6144K)
 Metaspace       used 98937K, committed 100096K, reserved 557056K
  class space    used 13817K, committed 14336K, reserved 425984K
}
Event: 63.820 GC heap before
{Heap before GC invocations=64 (full 0):
 garbage-first heap   total 265216K, used 218021K [0x0000000080000000, 0x0000000100000000)
  region size 1024K, 55 young (56320K), 6 survivors (6144K)
 Metaspace       used 99453K, committed 100608K, reserved 557056K
  class space    used 13868K, committed 14400K, reserved 425984K
}
Event: 63.832 GC heap after
{Heap after GC invocations=65 (full 0):
 garbage-first heap   total 265216K, used 173136K [0x0000000080000000, 0x0000000100000000)
  region size 1024K, 5 young (5120K), 5 survivors (5120K)
 Metaspace       used 99453K, committed 100608K, reserved 557056K
  class space    used 13868K, committed 14400K, reserved 425984K
}
Event: 64.513 GC heap before
{Heap before GC invocations=65 (full 0):
 garbage-first heap   total 265216K, used 219216K [0x0000000080000000, 0x0000000100000000)
  region size 1024K, 51 young (52224K), 5 survivors (5120K)
 Metaspace       used 99507K, committed 100608K, reserved 557056K
  class space    used 13869K, committed 14400K, reserved 425984K
}
Event: 64.522 GC heap after
{Heap after GC invocations=66 (full 0):
 garbage-first heap   total 265216K, used 175520K [0x0000000080000000, 0x0000000100000000)
  region size 1024K, 3 young (3072K), 3 survivors (3072K)
 Metaspace       used 99507K, committed 100608K, reserved 557056K
  class space    used 13869K, committed 14400K, reserved 425984K
}

